internal/modules/cjs/loader.js:550
    throw err;
    ^

<<<<<<< HEAD
Error: Cannot find module 'D:\GitAndOneNote\RefactorHuNan'
=======
Error: Cannot find module 'D:\Perry_Vcolco\RefactorHuNan\RefactorGovHuNan'
>>>>>>> 06ead744653c0cc9c88c8373e275213e6deda60d
    at Function.Module._resolveFilename (internal/modules/cjs/loader.js:548:15)
    at Function.Module._load (internal/modules/cjs/loader.js:475:25)
    at Function.Module.runMain (internal/modules/cjs/loader.js:695:10)
    at startup (internal/bootstrap/node.js:201:19)
    at bootstrapNodeJSCore (internal/bootstrap/node.js:516:3)
internal/modules/cjs/loader.js:550
    throw err;
    ^

<<<<<<< HEAD
Error: Cannot find module 'D:\GitAndOneNote\RefactorHuNan'
=======
Error: Cannot find module 'D:\Perry_Vcolco\RefactorHuNan\RefactorGovHuNan'
>>>>>>> 06ead744653c0cc9c88c8373e275213e6deda60d
    at Function.Module._resolveFilename (internal/modules/cjs/loader.js:548:15)
    at Function.Module._load (internal/modules/cjs/loader.js:475:25)
    at Function.Module.runMain (internal/modules/cjs/loader.js:695:10)
    at startup (internal/bootstrap/node.js:201:19)
    at bootstrapNodeJSCore (internal/bootstrap/node.js:516:3)
internal/modules/cjs/loader.js:550
    throw err;
    ^

<<<<<<< HEAD
Error: Cannot find module 'D:\GitAndOneNote\RefactorHuNan'
=======
Error: Cannot find module 'D:\Perry_Vcolco\RefactorHuNan\RefactorGovHuNan'
    at Function.Module._resolveFilename (internal/modules/cjs/loader.js:548:15)
    at Function.Module._load (internal/modules/cjs/loader.js:475:25)
    at Function.Module.runMain (internal/modules/cjs/loader.js:695:10)
    at startup (internal/bootstrap/node.js:201:19)
    at bootstrapNodeJSCore (internal/bootstrap/node.js:516:3)
internal/modules/cjs/loader.js:550
    throw err;
    ^

Error: Cannot find module 'D:\Perry_Vcolco\RefactorHuNan\RefactorGovHuNan'
>>>>>>> 06ead744653c0cc9c88c8373e275213e6deda60d
    at Function.Module._resolveFilename (internal/modules/cjs/loader.js:548:15)
    at Function.Module._load (internal/modules/cjs/loader.js:475:25)
    at Function.Module.runMain (internal/modules/cjs/loader.js:695:10)
    at startup (internal/bootstrap/node.js:201:19)
    at bootstrapNodeJSCore (internal/bootstrap/node.js:516:3)
